[Mon, 23 Apr 18 14:30:18 +0700][ERROR] [2]: PhalconMasterController handler class cannot be loaded

[Mon, 23 Apr 18 14:30:19 +0700][ERROR] [2]: PhalconMasterController handler class cannot be loaded

[Mon, 23 Apr 18 14:30:19 +0700][ERROR] [2]: PhalconMasterController handler class cannot be loaded

[Mon, 23 Apr 18 14:30:19 +0700][ERROR] [2]: PhalconMasterController handler class cannot be loaded

[Mon, 23 Apr 18 14:30:19 +0700][ERROR] [2]: PhalconMasterController handler class cannot be loaded

[Mon, 23 Apr 18 14:30:19 +0700][ERROR] [2]: PhalconMasterController handler class cannot be loaded

[Mon, 23 Apr 18 14:36:46 +0700][ERROR] [5]: Action 'setId' was not found on handler 'event'

[Mon, 23 Apr 18 14:36:46 +0700][ERROR] [5]: Action 'setId' was not found on handler 'event'

[Mon, 23 Apr 18 14:36:46 +0700][ERROR] [5]: Action 'setId' was not found on handler 'event'

[Mon, 23 Apr 18 14:36:46 +0700][ERROR] [5]: Action 'setId' was not found on handler 'event'

[Mon, 23 Apr 18 14:36:46 +0700][ERROR] [5]: Action 'setId' was not found on handler 'event'

[Mon, 23 Apr 18 14:37:01 +0700][ERROR] [5]: Action 'setId' was not found on handler 'event'

[Mon, 23 Apr 18 14:37:01 +0700][ERROR] [5]: Action 'setId' was not found on handler 'event'

[Mon, 23 Apr 18 14:37:01 +0700][ERROR] [5]: Action 'setId' was not found on handler 'event'

[Mon, 23 Apr 18 14:37:01 +0700][ERROR] [5]: Action 'setId' was not found on handler 'event'

[Mon, 23 Apr 18 14:37:01 +0700][ERROR] [5]: Action 'setId' was not found on handler 'event'

[Mon, 23 Apr 18 14:41:25 +0700][ERROR] [2]: AboutController handler class cannot be loaded

[Mon, 23 Apr 18 14:41:26 +0700][ERROR] [2]: AboutController handler class cannot be loaded

[Mon, 23 Apr 18 14:41:26 +0700][ERROR] [2]: AboutController handler class cannot be loaded

[Mon, 23 Apr 18 14:41:26 +0700][ERROR] [2]: AboutController handler class cannot be loaded

[Mon, 23 Apr 18 14:41:27 +0700][ERROR] [2]: AboutController handler class cannot be loaded

[Mon, 23 Apr 18 14:41:28 +0700][ERROR] [2]: AboutController handler class cannot be loaded

[Mon, 23 Apr 18 14:41:48 +0700][ERROR] [2]: AboutController handler class cannot be loaded

[Mon, 23 Apr 18 14:41:49 +0700][ERROR] [2]: AboutController handler class cannot be loaded

[Mon, 23 Apr 18 14:41:49 +0700][ERROR] [2]: AboutController handler class cannot be loaded

[Mon, 23 Apr 18 14:41:50 +0700][ERROR] [2]: AboutController handler class cannot be loaded

[Mon, 23 Apr 18 14:41:51 +0700][ERROR] [2]: AboutController handler class cannot be loaded

[Mon, 23 Apr 18 14:41:52 +0700][ERROR] [2]: AboutController handler class cannot be loaded

[Mon, 23 Apr 18 14:41:56 +0700][ERROR] [2]: AboutController handler class cannot be loaded

[Mon, 23 Apr 18 14:47:46 +0700][ERROR] [2]: AboutController handler class cannot be loaded

[Mon, 23 Apr 18 15:27:03 +0700][ERROR] [5]: Action 'setId' was not found on handler 'event'

[Mon, 23 Apr 18 15:27:03 +0700][ERROR] [5]: Action 'setId' was not found on handler 'event'

[Mon, 23 Apr 18 15:27:09 +0700][ERROR] [5]: Action 'setId' was not found on handler 'event'

[Mon, 23 Apr 18 15:27:09 +0700][ERROR] [5]: Action 'setId' was not found on handler 'event'

[Mon, 23 Apr 18 15:27:09 +0700][ERROR] [5]: Action 'setId' was not found on handler 'event'

[Mon, 23 Apr 18 15:29:01 +0700][ERROR] [5]: Action 'setId' was not found on handler 'event'

[Mon, 23 Apr 18 15:29:01 +0700][ERROR] [5]: Action 'setId' was not found on handler 'event'

[Mon, 23 Apr 18 15:29:22 +0700][ERROR] [5]: Action 'setId' was not found on handler 'event'

[Mon, 23 Apr 18 15:29:22 +0700][ERROR] [5]: Action 'setId' was not found on handler 'event'

[Mon, 23 Apr 18 15:29:22 +0700][ERROR] [5]: Action 'setId' was not found on handler 'event'

[Mon, 23 Apr 18 15:31:00 +0700][ERROR] [5]: Action 'setId' was not found on handler 'event'

[Mon, 23 Apr 18 15:31:00 +0700][ERROR] [5]: Action 'setId' was not found on handler 'event'

[Mon, 23 Apr 18 15:31:00 +0700][ERROR] [5]: Action 'setId' was not found on handler 'event'

[Mon, 23 Apr 18 15:37:07 +0700][ERROR] [5]: Action 'setId' was not found on handler 'event'

[Mon, 23 Apr 18 15:37:07 +0700][ERROR] [5]: Action 'setId' was not found on handler 'event'

[Mon, 23 Apr 18 15:37:07 +0700][ERROR] [5]: Action 'setId' was not found on handler 'event'

[Mon, 23 Apr 18 15:37:15 +0700][ERROR] [5]: Action 'setId' was not found on handler 'event'

[Mon, 23 Apr 18 15:37:15 +0700][ERROR] [5]: Action 'setId' was not found on handler 'event'

[Mon, 23 Apr 18 15:38:04 +0700][ERROR] [5]: Action 'vendor' was not found on handler 'event'

[Mon, 23 Apr 18 15:38:04 +0700][ERROR] [5]: Action 'vendor' was not found on handler 'event'

[Mon, 23 Apr 18 15:38:30 +0700][ERROR] [5]: Action 'vendor' was not found on handler 'event'

[Mon, 23 Apr 18 15:38:30 +0700][ERROR] [5]: Action 'vendor' was not found on handler 'event'

[Mon, 23 Apr 18 15:38:49 +0700][ERROR] [5]: Action 'vendor' was not found on handler 'event'

[Mon, 23 Apr 18 15:38:49 +0700][ERROR] [5]: Action 'vendor' was not found on handler 'event'

[Mon, 23 Apr 18 15:38:51 +0700][ERROR] [5]: Action 'vendor' was not found on handler 'event'

[Mon, 23 Apr 18 15:38:51 +0700][ERROR] [5]: Action 'vendor' was not found on handler 'event'

[Mon, 23 Apr 18 15:42:13 +0700][ERROR] [5]: Action 'vendor' was not found on handler 'event'

[Mon, 23 Apr 18 15:42:13 +0700][ERROR] [5]: Action 'vendor' was not found on handler 'event'

[Mon, 23 Apr 18 15:42:17 +0700][ERROR] [5]: Action 'vendor' was not found on handler 'event'

[Mon, 23 Apr 18 15:42:17 +0700][ERROR] [5]: Action 'vendor' was not found on handler 'event'

[Mon, 23 Apr 18 15:49:08 +0700][ERROR] [5]: Action 'vendor' was not found on handler 'event'

[Mon, 23 Apr 18 15:49:08 +0700][ERROR] [5]: Action 'vendor' was not found on handler 'event'

[Mon, 23 Apr 18 15:49:19 +0700][ERROR] [5]: Action 'vendor' was not found on handler 'event'

[Mon, 23 Apr 18 15:49:19 +0700][ERROR] [5]: Action 'vendor' was not found on handler 'event'

[Mon, 23 Apr 18 15:50:27 +0700][ERROR] [5]: Action 'vendor' was not found on handler 'event'

[Mon, 23 Apr 18 15:50:27 +0700][ERROR] [5]: Action 'vendor' was not found on handler 'event'

[Mon, 23 Apr 18 15:53:02 +0700][ERROR] [5]: Action 'vendor' was not found on handler 'event'

[Mon, 23 Apr 18 15:53:02 +0700][ERROR] [5]: Action 'vendor' was not found on handler 'event'

[Mon, 23 Apr 18 15:53:09 +0700][ERROR] [5]: Action 'vendor' was not found on handler 'event'

[Mon, 23 Apr 18 15:53:09 +0700][ERROR] [5]: Action 'vendor' was not found on handler 'event'

[Mon, 23 Apr 18 15:53:14 +0700][ERROR] [5]: Action 'vendor' was not found on handler 'event'

[Mon, 23 Apr 18 15:53:14 +0700][ERROR] [5]: Action 'vendor' was not found on handler 'event'

[Mon, 23 Apr 18 15:53:23 +0700][ERROR] [5]: Action 'vendor' was not found on handler 'event'

[Mon, 23 Apr 18 15:53:23 +0700][ERROR] [5]: Action 'vendor' was not found on handler 'event'

[Mon, 23 Apr 18 15:54:27 +0700][ERROR] [5]: Action 'vendor' was not found on handler 'event'

[Mon, 23 Apr 18 15:54:27 +0700][ERROR] [5]: Action 'vendor' was not found on handler 'event'

[Mon, 23 Apr 18 15:55:29 +0700][ERROR] [5]: Action 'vendor' was not found on handler 'event'

[Mon, 23 Apr 18 15:55:29 +0700][ERROR] [5]: Action 'vendor' was not found on handler 'event'

[Mon, 23 Apr 18 15:55:42 +0700][ERROR] [5]: Action 'vendor' was not found on handler 'event'

[Mon, 23 Apr 18 15:55:42 +0700][ERROR] [5]: Action 'vendor' was not found on handler 'event'

[Mon, 23 Apr 18 15:56:39 +0700][ERROR] [5]: Action 'vendor' was not found on handler 'event'

[Mon, 23 Apr 18 15:56:39 +0700][ERROR] [5]: Action 'vendor' was not found on handler 'event'

[Mon, 23 Apr 18 15:59:14 +0700][ERROR] [5]: Action 'vendor' was not found on handler 'event'

[Mon, 23 Apr 18 15:59:14 +0700][ERROR] [5]: Action 'vendor' was not found on handler 'event'

[Mon, 23 Apr 18 16:02:39 +0700][ERROR] [5]: Action 'vendor' was not found on handler 'event'

[Mon, 23 Apr 18 16:02:39 +0700][ERROR] [5]: Action 'vendor' was not found on handler 'event'

[Mon, 23 Apr 18 16:04:38 +0700][ERROR] [5]: Action 'vendor' was not found on handler 'event'

[Mon, 23 Apr 18 16:04:39 +0700][ERROR] [5]: Action 'vendor' was not found on handler 'event'

[Mon, 23 Apr 18 16:04:39 +0700][ERROR] [2]: ImgController handler class cannot be loaded

[Mon, 23 Apr 18 16:04:39 +0700][ERROR] [5]: Action 'vendor' was not found on handler 'event'

[Mon, 23 Apr 18 16:04:39 +0700][ERROR] [5]: Action 'vendor' was not found on handler 'event'

[Mon, 23 Apr 18 16:05:02 +0700][ERROR] [5]: Action 'vendor' was not found on handler 'event'

[Mon, 23 Apr 18 16:05:02 +0700][ERROR] [5]: Action 'vendor' was not found on handler 'event'

[Mon, 23 Apr 18 16:05:02 +0700][ERROR] [2]: ImgController handler class cannot be loaded

[Mon, 23 Apr 18 16:05:02 +0700][ERROR] [5]: Action 'vendor' was not found on handler 'event'

[Mon, 23 Apr 18 16:05:25 +0700][ERROR] [5]: Action 'vendor' was not found on handler 'event'

[Mon, 23 Apr 18 16:05:25 +0700][ERROR] [5]: Action 'vendor' was not found on handler 'event'

[Mon, 23 Apr 18 16:05:25 +0700][ERROR] [2]: ImgController handler class cannot be loaded

[Mon, 23 Apr 18 16:05:25 +0700][ERROR] [5]: Action 'vendor' was not found on handler 'event'

[Mon, 23 Apr 18 16:05:27 +0700][ERROR] [5]: Action 'vendor' was not found on handler 'event'

[Mon, 23 Apr 18 16:05:27 +0700][ERROR] [5]: Action 'vendor' was not found on handler 'event'

[Mon, 23 Apr 18 16:05:27 +0700][ERROR] [2]: ImgController handler class cannot be loaded

[Mon, 23 Apr 18 16:05:27 +0700][ERROR] [5]: Action 'vendor' was not found on handler 'event'

[Mon, 23 Apr 18 16:05:27 +0700][ERROR] [5]: Action 'vendor' was not found on handler 'event'

[Mon, 23 Apr 18 16:05:29 +0700][ERROR] [5]: Action 'vendor' was not found on handler 'event'

[Mon, 23 Apr 18 16:05:29 +0700][ERROR] [5]: Action 'vendor' was not found on handler 'event'

[Mon, 23 Apr 18 16:05:29 +0700][ERROR] [5]: Action 'vendor' was not found on handler 'event'

[Mon, 23 Apr 18 16:05:29 +0700][ERROR] [5]: Action 'vendor' was not found on handler 'event'

[Mon, 23 Apr 18 16:05:58 +0700][ERROR] [5]: Action 'vendor' was not found on handler 'event'

[Mon, 23 Apr 18 16:05:58 +0700][ERROR] [5]: Action 'vendor' was not found on handler 'event'

[Mon, 23 Apr 18 16:05:58 +0700][ERROR] [5]: Action 'vendor' was not found on handler 'event'

[Mon, 23 Apr 18 16:05:58 +0700][ERROR] [5]: Action 'vendor' was not found on handler 'event'

[Mon, 23 Apr 18 16:20:09 +0700][ERROR] [5]: Action 'vendor' was not found on handler 'event'

[Mon, 23 Apr 18 16:20:09 +0700][ERROR] [5]: Action 'vendor' was not found on handler 'event'

[Mon, 23 Apr 18 16:20:09 +0700][ERROR] [5]: Action 'vendor' was not found on handler 'event'

[Mon, 23 Apr 18 16:20:09 +0700][ERROR] [5]: Action 'vendor' was not found on handler 'event'

[Mon, 23 Apr 18 16:20:12 +0700][ERROR] [5]: Action 'vendor' was not found on handler 'event'

[Mon, 23 Apr 18 16:20:12 +0700][ERROR] [5]: Action 'vendor' was not found on handler 'event'

[Mon, 23 Apr 18 16:35:16 +0700][ERROR] [5]: Action 'vendor' was not found on handler 'event'

[Mon, 23 Apr 18 16:35:16 +0700][ERROR] [5]: Action 'vendor' was not found on handler 'event'

[Mon, 23 Apr 18 16:35:17 +0700][ERROR] [5]: Action 'vendor' was not found on handler 'event'

[Mon, 23 Apr 18 16:35:17 +0700][ERROR] [5]: Action 'vendor' was not found on handler 'event'

[Mon, 23 Apr 18 17:00:40 +0700][ERROR] [2]: ImgController handler class cannot be loaded

[Mon, 23 Apr 18 17:00:40 +0700][ERROR] [2]: ImgController handler class cannot be loaded

[Mon, 23 Apr 18 17:00:40 +0700][ERROR] [2]: ImgController handler class cannot be loaded

