[Mon, 09 Apr 18 01:04:58 +0700][ERROR] [5]: Action 'add' was not found on handler 'event'

[Mon, 09 Apr 18 01:04:59 +0700][ERROR] [5]: Action 'vendor' was not found on handler 'event'

[Mon, 09 Apr 18 01:38:36 +0700][ERROR] [5]: Action 'deleteId' was not found on handler 'event'

[Mon, 09 Apr 18 01:38:36 +0700][ERROR] [5]: Action 'deleteId' was not found on handler 'event'

[Mon, 09 Apr 18 01:40:10 +0700][ERROR] [5]: Action 'deleteId' was not found on handler 'event'

[Mon, 09 Apr 18 01:40:10 +0700][ERROR] [5]: Action 'deleteId' was not found on handler 'event'

[Mon, 09 Apr 18 01:40:10 +0700][ERROR] [5]: Action 'deleteId' was not found on handler 'event'

[Mon, 09 Apr 18 01:43:43 +0700][ERROR] [5]: Action 'deleteId' was not found on handler 'event'

[Mon, 09 Apr 18 01:43:43 +0700][ERROR] [5]: Action 'deleteId' was not found on handler 'event'

[Mon, 09 Apr 18 01:43:44 +0700][ERROR] [5]: Action 'deleteId' was not found on handler 'event'

[Mon, 09 Apr 18 01:44:04 +0700][ERROR] [5]: Action 'deleteId' was not found on handler 'event'

[Mon, 09 Apr 18 01:44:04 +0700][ERROR] [5]: Action 'deleteId' was not found on handler 'event'

[Mon, 09 Apr 18 01:44:04 +0700][ERROR] [5]: Action 'deleteId' was not found on handler 'event'

[Mon, 09 Apr 18 01:44:31 +0700][ERROR] [5]: Action 'deleteId' was not found on handler 'event'

[Mon, 09 Apr 18 01:44:31 +0700][ERROR] [5]: Action 'deleteId' was not found on handler 'event'

[Mon, 09 Apr 18 01:44:31 +0700][ERROR] [5]: Action 'deleteId' was not found on handler 'event'

[Mon, 09 Apr 18 01:48:28 +0700][ERROR] [5]: Action 'deleteId' was not found on handler 'event'

[Mon, 09 Apr 18 01:48:29 +0700][ERROR] [5]: Action 'deleteId' was not found on handler 'event'

[Mon, 09 Apr 18 01:48:29 +0700][ERROR] [5]: Action 'deleteId' was not found on handler 'event'

[Mon, 09 Apr 18 01:49:17 +0700][ERROR] [5]: Action 'deleteId' was not found on handler 'event'

[Mon, 09 Apr 18 01:49:17 +0700][ERROR] [5]: Action 'deleteId' was not found on handler 'event'

[Mon, 09 Apr 18 01:49:18 +0700][ERROR] [5]: Action 'deleteId' was not found on handler 'event'

[Mon, 09 Apr 18 01:49:31 +0700][ERROR] [5]: Action 'deleteId' was not found on handler 'event'

[Mon, 09 Apr 18 01:49:32 +0700][ERROR] [5]: Action 'deleteId' was not found on handler 'event'

[Mon, 09 Apr 18 01:49:32 +0700][ERROR] [5]: Action 'deleteId' was not found on handler 'event'

[Mon, 09 Apr 18 01:55:43 +0700][ERROR] [5]: Action 'setId' was not found on handler 'event'

[Mon, 09 Apr 18 01:55:43 +0700][ERROR] [5]: Action 'setId' was not found on handler 'event'

[Mon, 09 Apr 18 01:55:43 +0700][ERROR] [5]: Action 'setId' was not found on handler 'event'

[Mon, 09 Apr 18 01:57:03 +0700][ERROR] [5]: Action 'setId' was not found on handler 'event'

[Mon, 09 Apr 18 01:57:03 +0700][ERROR] [5]: Action 'setId' was not found on handler 'event'

[Mon, 09 Apr 18 01:57:03 +0700][ERROR] [5]: Action 'setId' was not found on handler 'event'

[Mon, 09 Apr 18 01:57:25 +0700][ERROR] [5]: Action 'setId' was not found on handler 'event'

[Mon, 09 Apr 18 01:57:25 +0700][ERROR] [5]: Action 'setId' was not found on handler 'event'

[Mon, 09 Apr 18 01:57:27 +0700][ERROR] [5]: Action 'setId' was not found on handler 'event'

[Mon, 09 Apr 18 01:57:30 +0700][ERROR] [5]: Action 'setId' was not found on handler 'event'

[Mon, 09 Apr 18 01:57:30 +0700][ERROR] [5]: Action 'setId' was not found on handler 'event'

[Mon, 09 Apr 18 01:57:30 +0700][ERROR] [5]: Action 'setId' was not found on handler 'event'

[Mon, 09 Apr 18 01:57:55 +0700][ERROR] [5]: Action 'setId' was not found on handler 'event'

[Mon, 09 Apr 18 01:57:55 +0700][ERROR] [5]: Action 'setId' was not found on handler 'event'

[Mon, 09 Apr 18 01:57:55 +0700][ERROR] [5]: Action 'setId' was not found on handler 'event'

[Mon, 09 Apr 18 01:58:42 +0700][ERROR] [5]: Action 'setId' was not found on handler 'event'

[Mon, 09 Apr 18 01:58:42 +0700][ERROR] [5]: Action 'setId' was not found on handler 'event'

[Mon, 09 Apr 18 01:58:42 +0700][ERROR] [5]: Action 'setId' was not found on handler 'event'

[Mon, 09 Apr 18 01:58:49 +0700][ERROR] [5]: Action 'setId' was not found on handler 'event'

[Mon, 09 Apr 18 01:58:49 +0700][ERROR] [5]: Action 'setId' was not found on handler 'event'

[Mon, 09 Apr 18 02:03:02 +0700][ERROR] [5]: Action 'vendor' was not found on handler 'event'

[Mon, 09 Apr 18 02:03:02 +0700][ERROR] [5]: Action 'vendor' was not found on handler 'event'

[Mon, 09 Apr 18 02:04:30 +0700][ERROR] [5]: Action 'vendor' was not found on handler 'event'

[Mon, 09 Apr 18 02:04:30 +0700][ERROR] [5]: Action 'vendor' was not found on handler 'event'

[Mon, 09 Apr 18 02:06:46 +0700][ERROR] [5]: Action 'vendor' was not found on handler 'event'

[Mon, 09 Apr 18 02:06:46 +0700][ERROR] [5]: Action 'vendor' was not found on handler 'event'

[Mon, 09 Apr 18 02:07:43 +0700][ERROR] [5]: Action 'vendor' was not found on handler 'event'

[Mon, 09 Apr 18 02:08:09 +0700][ERROR] [5]: Action 'vendor' was not found on handler 'event'

[Mon, 09 Apr 18 02:11:44 +0700][ERROR] [5]: Action 'vendor' was not found on handler 'event'

[Mon, 09 Apr 18 02:11:44 +0700][ERROR] [5]: Action 'vendor' was not found on handler 'event'

[Mon, 09 Apr 18 02:21:31 +0700][ERROR] [5]: Action 'vendor' was not found on handler 'event'

[Mon, 09 Apr 18 02:21:31 +0700][ERROR] [5]: Action 'vendor' was not found on handler 'event'

[Mon, 09 Apr 18 02:23:40 +0700][ERROR] [5]: Action 'vendor' was not found on handler 'event'

[Mon, 09 Apr 18 02:24:21 +0700][ERROR] [5]: Action 'vendor' was not found on handler 'event'

[Mon, 09 Apr 18 02:24:23 +0700][ERROR] [5]: Action 'vendor' was not found on handler 'event'

[Mon, 09 Apr 18 02:24:24 +0700][ERROR] [5]: Action 'vendor' was not found on handler 'event'

[Mon, 09 Apr 18 02:24:24 +0700][ERROR] [5]: Action 'vendor' was not found on handler 'event'

[Mon, 09 Apr 18 02:25:26 +0700][ERROR] [5]: Action 'vendor' was not found on handler 'event'

[Mon, 09 Apr 18 02:25:26 +0700][ERROR] [5]: Action 'vendor' was not found on handler 'event'

[Mon, 09 Apr 18 02:25:28 +0700][ERROR] [5]: Action 'vendor' was not found on handler 'add'

[Mon, 09 Apr 18 02:27:03 +0700][ERROR] [5]: Action 'vendor' was not found on handler 'event'

[Mon, 09 Apr 18 02:27:03 +0700][ERROR] [5]: Action 'vendor' was not found on handler 'event'

[Mon, 09 Apr 18 02:30:37 +0700][ERROR] [5]: Action 'vendor' was not found on handler 'event'

[Mon, 09 Apr 18 02:37:05 +0700][ERROR] [5]: Action 'vendor' was not found on handler 'event'

[Mon, 09 Apr 18 02:37:05 +0700][ERROR] [5]: Action 'vendor' was not found on handler 'event'

[Mon, 09 Apr 18 10:16:01 +0700][ERROR] [5]: Action 'vendor' was not found on handler 'event'

[Mon, 09 Apr 18 10:19:47 +0700][ERROR] [2]: AboutController handler class cannot be loaded

[Mon, 09 Apr 18 10:19:49 +0700][ERROR] [2]: AboutController handler class cannot be loaded

[Mon, 09 Apr 18 10:21:40 +0700][ERROR] [2]: AboutController handler class cannot be loaded

[Mon, 09 Apr 18 10:21:41 +0700][ERROR] [2]: AboutController handler class cannot be loaded

[Mon, 09 Apr 18 10:22:45 +0700][ERROR] [2]: AboutController handler class cannot be loaded

[Mon, 09 Apr 18 10:22:46 +0700][ERROR] [2]: AboutController handler class cannot be loaded

[Mon, 09 Apr 18 10:22:47 +0700][ERROR] [2]: AboutController handler class cannot be loaded

[Mon, 09 Apr 18 10:23:33 +0700][ERROR] [2]: AboutController handler class cannot be loaded

[Mon, 09 Apr 18 10:24:09 +0700][ERROR] [2]: AboutController handler class cannot be loaded

[Mon, 09 Apr 18 10:24:10 +0700][ERROR] [2]: AboutController handler class cannot be loaded

[Mon, 09 Apr 18 10:24:12 +0700][ERROR] [2]: AboutController handler class cannot be loaded

[Mon, 09 Apr 18 10:25:19 +0700][ERROR] [5]: Action 'vendor' was not found on handler 'event'

[Mon, 09 Apr 18 10:25:19 +0700][ERROR] [5]: Action 'vendor' was not found on handler 'event'

[Mon, 09 Apr 18 10:25:20 +0700][ERROR] [2]: AboutController handler class cannot be loaded

[Mon, 09 Apr 18 10:30:18 +0700][ERROR] [2]: AboutController handler class cannot be loaded

[Mon, 09 Apr 18 10:30:19 +0700][ERROR] [2]: AboutController handler class cannot be loaded

[Mon, 09 Apr 18 10:30:20 +0700][ERROR] [2]: AboutController handler class cannot be loaded

[Mon, 09 Apr 18 10:30:21 +0700][ERROR] [2]: AboutController handler class cannot be loaded

[Mon, 09 Apr 18 10:30:22 +0700][ERROR] [2]: AboutController handler class cannot be loaded

[Mon, 09 Apr 18 10:30:23 +0700][ERROR] [2]: AboutController handler class cannot be loaded

[Mon, 09 Apr 18 10:31:24 +0700][ERROR] [2]: AboutController handler class cannot be loaded

[Mon, 09 Apr 18 10:31:27 +0700][ERROR] [2]: AboutController handler class cannot be loaded

[Mon, 09 Apr 18 10:31:40 +0700][ERROR] [2]: AboutController handler class cannot be loaded

[Mon, 09 Apr 18 10:31:40 +0700][ERROR] [2]: AboutController handler class cannot be loaded

[Mon, 09 Apr 18 10:34:42 +0700][ERROR] [2]: AboutController handler class cannot be loaded

[Mon, 09 Apr 18 10:36:20 +0700][ERROR] [2]: ImagesController handler class cannot be loaded

[Mon, 09 Apr 18 10:37:11 +0700][ERROR] [5]: Action 'vendor' was not found on handler 'event'

[Mon, 09 Apr 18 10:37:11 +0700][ERROR] [5]: Action 'vendor' was not found on handler 'event'

[Mon, 09 Apr 18 10:37:11 +0700][ERROR] [5]: Action 'img' was not found on handler 'event'

[Mon, 09 Apr 18 10:37:15 +0700][ERROR] [5]: Action 'vendor' was not found on handler 'event'

[Mon, 09 Apr 18 10:37:15 +0700][ERROR] [5]: Action 'vendor' was not found on handler 'event'

[Mon, 09 Apr 18 12:47:19 +0700][ERROR] [2]: ImgController handler class cannot be loaded

[Mon, 09 Apr 18 12:59:32 +0700][ERROR] [2]: AddController handler class cannot be loaded

[Mon, 09 Apr 18 13:01:21 +0700][ERROR] [2]: AddController handler class cannot be loaded

[Mon, 09 Apr 18 13:01:23 +0700][ERROR] [2]: AddController handler class cannot be loaded

[Mon, 09 Apr 18 13:13:50 +0700][ERROR] [5]: Action 'vendor' was not found on handler 'event'

[Mon, 09 Apr 18 13:13:50 +0700][ERROR] [5]: Action 'vendor' was not found on handler 'event'

[Mon, 09 Apr 18 13:13:50 +0700][ERROR] [5]: Action 'img' was not found on handler 'event'

[Mon, 09 Apr 18 14:12:11 +0700][ERROR] [2]: Edit8Controller handler class cannot be loaded

[Mon, 09 Apr 18 14:21:45 +0700][ERROR] [2]: AboutController handler class cannot be loaded

[Mon, 09 Apr 18 14:21:46 +0700][ERROR] [2]: AboutController handler class cannot be loaded

[Mon, 09 Apr 18 14:21:57 +0700][ERROR] [2]: AboutController handler class cannot be loaded

[Mon, 09 Apr 18 14:24:06 +0700][ERROR] [2]: Edit13Controller handler class cannot be loaded

[Mon, 09 Apr 18 14:24:18 +0700][ERROR] [2]: Edit12Controller handler class cannot be loaded

[Mon, 09 Apr 18 14:25:27 +0700][ERROR] [2]: Edit12Controller handler class cannot be loaded

[Mon, 09 Apr 18 14:38:31 +0700][ERROR] [2]: ImgController handler class cannot be loaded

[Mon, 09 Apr 18 14:38:42 +0700][ERROR] [2]: Edit12Controller handler class cannot be loaded

